<?xml version="1.0" encoding="UTF-8"?>
<!-- Generated by org.testng.reporters.JUnitReportReporter -->
<testsuite hostname="LAPTOP-CBMC002U" failures="0" tests="3" name="com.zaidan.testng.runner.CucumberRunnerTests" time="37.122" errors="0" timestamp="2025-05-25T17:32:51 WIB" skipped="0">
  <testcase classname="com.zaidan.testng.runner.CucumberRunnerTests" name="runScenario" time="10.326"/>
  <testcase classname="com.zaidan.testng.runner.CucumberRunnerTests" name="runScenario" time="15.627"/>
  <testcase classname="com.zaidan.testng.runner.CucumberRunnerTests" name="runScenario" time="11.169"/>
</testsuite> <!-- com.zaidan.testng.runner.CucumberRunnerTests -->
