<?xml version="1.0" encoding="UTF-8"?>
<!-- Generated by org.testng.reporters.JUnitReportReporter -->
<testsuite hostname="LAPTOP-CBMC002U" failures="0" tests="3" name="com.zaidan.testng.runner.CucumberRunnerTests" time="34.825" errors="0" timestamp="2025-05-25T17:44:54 WIB" skipped="0">
  <testcase classname="com.zaidan.testng.runner.CucumberRunnerTests" name="runScenario" time="15.094"/>
  <testcase classname="com.zaidan.testng.runner.CucumberRunnerTests" name="runScenario" time="10.612"/>
  <testcase classname="com.zaidan.testng.runner.CucumberRunnerTests" name="runScenario" time="9.119"/>
</testsuite> <!-- com.zaidan.testng.runner.CucumberRunnerTests -->
