<?xml version="1.0" encoding="UTF-8"?>
<!-- Generated by org.testng.reporters.JUnitReportReporter -->
<testsuite hostname="LAPTOP-CBMC002U" failures="0" tests="3" name="com.zaidan.testng.runner.CucumberRunnerTests" time="43.610" errors="0" timestamp="2025-05-25T17:21:24 WIB" skipped="0">
  <testcase classname="com.zaidan.testng.runner.CucumberRunnerTests" name="runScenario" time="13.462"/>
  <testcase classname="com.zaidan.testng.runner.CucumberRunnerTests" name="runScenario" time="13.654"/>
  <testcase classname="com.zaidan.testng.runner.CucumberRunnerTests" name="runScenario" time="16.494"/>
</testsuite> <!-- com.zaidan.testng.runner.CucumberRunnerTests -->
