<?xml version="1.0" encoding="UTF-8"?>
<!-- Generated by org.testng.reporters.JUnitReportReporter -->
<testsuite hostname="LAPTOP-CBMC002U" failures="0" tests="3" name="com.zaidan.testng.runner.CucumberRunnerTests" time="30.287" errors="0" timestamp="2025-05-25T16:28:02 WIB" skipped="0">
  <testcase classname="com.zaidan.testng.runner.CucumberRunnerTests" name="runScenario" time="13.533"/>
  <testcase classname="com.zaidan.testng.runner.CucumberRunnerTests" name="runScenario" time="7.220"/>
  <testcase classname="com.zaidan.testng.runner.CucumberRunnerTests" name="runScenario" time="9.534"/>
</testsuite> <!-- com.zaidan.testng.runner.CucumberRunnerTests -->
