<?xml version="1.0" encoding="UTF-8"?>
<!-- Generated by org.testng.reporters.JUnitReportReporter -->
<testsuite hostname="LAPTOP-CBMC002U" failures="0" tests="3" name="com.zaidan.testng.runner.CucumberRunnerTests" time="35.542" errors="0" timestamp="2025-05-25T16:36:43 WIB" skipped="0">
  <testcase classname="com.zaidan.testng.runner.CucumberRunnerTests" name="runScenario" time="9.148"/>
  <testcase classname="com.zaidan.testng.runner.CucumberRunnerTests" name="runScenario" time="16.924"/>
  <testcase classname="com.zaidan.testng.runner.CucumberRunnerTests" name="runScenario" time="9.470"/>
</testsuite> <!-- com.zaidan.testng.runner.CucumberRunnerTests -->
